<?xml version="1.0" encoding="UTF-8"?>
<!-- Generated by org.testng.reporters.JUnitReportReporter -->
<testsuite skipped="0" hostname="LAPTOP-HPEVK1U2" name="add" tests="1" failures="0" timestamp="2023-01-08T14:55:08 IST" time="59.279" errors="0">
  <testcase name="start" time="59.279" classname="add"/>
  <system-out/>
</testsuite> <!-- add -->
